2024-12-09 15:45:47,070 - INFO - Unet(
  (encoder): Encoder(
    (conv1_1): Conv2d(3, 64, kernel_size=(3, 3), stride=(1, 1), padding=same)
    (conv1_2): Conv2d(64, 64, kernel_size=(3, 3), stride=(1, 1), padding=same)
    (maxpool1): MaxPool2d(kernel_size=2, stride=2, padding=0, dilation=1, ceil_mode=False)
    (dropout1): Dropout2d(p=0.5, inplace=False)
    (conv2_1): Conv2d(64, 128, kernel_size=(3, 3), stride=(1, 1), padding=same)
    (conv2_2): Conv2d(128, 128, kernel_size=(3, 3), stride=(1, 1), padding=same)
    (maxpool2): MaxPool2d(kernel_size=2, stride=2, padding=0, dilation=1, ceil_mode=False)
    (dropout2): Dropout2d(p=0.5, inplace=False)
    (conv3_1): Conv2d(128, 256, kernel_size=(3, 3), stride=(1, 1), padding=same)
    (conv3_2): Conv2d(256, 256, kernel_size=(3, 3), stride=(1, 1), padding=same)
    (maxpool3): MaxPool2d(kernel_size=2, stride=2, padding=0, dilation=1, ceil_mode=False)
    (dropout3): Dropout2d(p=0.5, inplace=False)
    (conv4_1): Conv2d(256, 512, kernel_size=(3, 3), stride=(1, 1), padding=same)
    (conv4_2): Conv2d(512, 512, kernel_size=(3, 3), stride=(1, 1), padding=same)
    (maxpool4): MaxPool2d(kernel_size=2, stride=2, padding=0, dilation=1, ceil_mode=False)
    (dropout4): Dropout2d(p=0.5, inplace=False)
    (conv5_1): Conv2d(512, 1024, kernel_size=(3, 3), stride=(1, 1), padding=same)
    (conv5_2): Conv2d(1024, 1024, kernel_size=(3, 3), stride=(1, 1), padding=same)
    (maxpool5): MaxPool2d(kernel_size=2, stride=2, padding=0, dilation=1, ceil_mode=False)
    (dropout5): Dropout2d(p=0.5, inplace=False)
    (reLU): ReLU()
  )
  (decoder): Decoder(
    (deconv1): ConvTranspose2d(1024, 512, kernel_size=(2, 2), stride=(2, 2))
    (conv1_1): Conv2d(1024, 512, kernel_size=(3, 3), stride=(1, 1), padding=same)
    (conv1_2): Conv2d(512, 512, kernel_size=(3, 3), stride=(1, 1), padding=same)
    (dropout6): Dropout2d(p=0.5, inplace=False)
    (deconv2): ConvTranspose2d(512, 256, kernel_size=(2, 2), stride=(2, 2))
    (conv2_1): Conv2d(512, 256, kernel_size=(3, 3), stride=(1, 1), padding=same)
    (conv2_2): Conv2d(256, 256, kernel_size=(3, 3), stride=(1, 1), padding=same)
    (dropout7): Dropout2d(p=0.5, inplace=False)
    (deconv3): ConvTranspose2d(256, 128, kernel_size=(2, 2), stride=(2, 2))
    (conv3_1): Conv2d(256, 128, kernel_size=(3, 3), stride=(1, 1), padding=same)
    (conv3_2): Conv2d(128, 128, kernel_size=(3, 3), stride=(1, 1), padding=same)
    (dropout8): Dropout2d(p=0.5, inplace=False)
    (deconv4): ConvTranspose2d(128, 64, kernel_size=(2, 2), stride=(2, 2))
    (conv4_1): Conv2d(128, 64, kernel_size=(3, 3), stride=(1, 1), padding=same)
    (conv4_2): Conv2d(64, 64, kernel_size=(3, 3), stride=(1, 1), padding=same)
    (dropout9): Dropout2d(p=0.5, inplace=False)
    (reLU): ReLU()
  )
  (head): Conv2d(64, 1, kernel_size=(1, 1), stride=(1, 1), padding=same)
)
2024-12-09 15:45:47,193 - INFO - Epoch 0/19
2024-12-09 15:45:47,193 - INFO - ----------
2024-12-09 15:47:29,544 - INFO - Unet(
  (encoder): Encoder(
    (conv1_1): Conv2d(3, 64, kernel_size=(3, 3), stride=(1, 1), padding=same)
    (conv1_2): Conv2d(64, 64, kernel_size=(3, 3), stride=(1, 1), padding=same)
    (maxpool1): MaxPool2d(kernel_size=2, stride=2, padding=0, dilation=1, ceil_mode=False)
    (dropout1): Dropout2d(p=0.5, inplace=False)
    (conv2_1): Conv2d(64, 128, kernel_size=(3, 3), stride=(1, 1), padding=same)
    (conv2_2): Conv2d(128, 128, kernel_size=(3, 3), stride=(1, 1), padding=same)
    (maxpool2): MaxPool2d(kernel_size=2, stride=2, padding=0, dilation=1, ceil_mode=False)
    (dropout2): Dropout2d(p=0.5, inplace=False)
    (conv3_1): Conv2d(128, 256, kernel_size=(3, 3), stride=(1, 1), padding=same)
    (conv3_2): Conv2d(256, 256, kernel_size=(3, 3), stride=(1, 1), padding=same)
    (maxpool3): MaxPool2d(kernel_size=2, stride=2, padding=0, dilation=1, ceil_mode=False)
    (dropout3): Dropout2d(p=0.5, inplace=False)
    (conv4_1): Conv2d(256, 512, kernel_size=(3, 3), stride=(1, 1), padding=same)
    (conv4_2): Conv2d(512, 512, kernel_size=(3, 3), stride=(1, 1), padding=same)
    (maxpool4): MaxPool2d(kernel_size=2, stride=2, padding=0, dilation=1, ceil_mode=False)
    (dropout4): Dropout2d(p=0.5, inplace=False)
    (conv5_1): Conv2d(512, 1024, kernel_size=(3, 3), stride=(1, 1), padding=same)
    (conv5_2): Conv2d(1024, 1024, kernel_size=(3, 3), stride=(1, 1), padding=same)
    (maxpool5): MaxPool2d(kernel_size=2, stride=2, padding=0, dilation=1, ceil_mode=False)
    (dropout5): Dropout2d(p=0.5, inplace=False)
    (reLU): ReLU()
  )
  (decoder): Decoder(
    (deconv1): ConvTranspose2d(1024, 512, kernel_size=(2, 2), stride=(2, 2))
    (conv1_1): Conv2d(1024, 512, kernel_size=(3, 3), stride=(1, 1), padding=same)
    (conv1_2): Conv2d(512, 512, kernel_size=(3, 3), stride=(1, 1), padding=same)
    (dropout6): Dropout2d(p=0.5, inplace=False)
    (deconv2): ConvTranspose2d(512, 256, kernel_size=(2, 2), stride=(2, 2))
    (conv2_1): Conv2d(512, 256, kernel_size=(3, 3), stride=(1, 1), padding=same)
    (conv2_2): Conv2d(256, 256, kernel_size=(3, 3), stride=(1, 1), padding=same)
    (dropout7): Dropout2d(p=0.5, inplace=False)
    (deconv3): ConvTranspose2d(256, 128, kernel_size=(2, 2), stride=(2, 2))
    (conv3_1): Conv2d(256, 128, kernel_size=(3, 3), stride=(1, 1), padding=same)
    (conv3_2): Conv2d(128, 128, kernel_size=(3, 3), stride=(1, 1), padding=same)
    (dropout8): Dropout2d(p=0.5, inplace=False)
    (deconv4): ConvTranspose2d(128, 64, kernel_size=(2, 2), stride=(2, 2))
    (conv4_1): Conv2d(128, 64, kernel_size=(3, 3), stride=(1, 1), padding=same)
    (conv4_2): Conv2d(64, 64, kernel_size=(3, 3), stride=(1, 1), padding=same)
    (dropout9): Dropout2d(p=0.5, inplace=False)
    (reLU): ReLU()
  )
  (head): Conv2d(64, 1, kernel_size=(1, 1), stride=(1, 1), padding=same)
)
2024-12-09 15:47:29,659 - INFO - Epoch 0/19
2024-12-09 15:47:29,659 - INFO - ----------
2024-12-09 15:48:09,755 - INFO - Unet(
  (encoder): Encoder(
    (conv1_1): Conv2d(3, 64, kernel_size=(3, 3), stride=(1, 1), padding=same)
    (conv1_2): Conv2d(64, 64, kernel_size=(3, 3), stride=(1, 1), padding=same)
    (maxpool1): MaxPool2d(kernel_size=2, stride=2, padding=0, dilation=1, ceil_mode=False)
    (dropout1): Dropout2d(p=0.5, inplace=False)
    (conv2_1): Conv2d(64, 128, kernel_size=(3, 3), stride=(1, 1), padding=same)
    (conv2_2): Conv2d(128, 128, kernel_size=(3, 3), stride=(1, 1), padding=same)
    (maxpool2): MaxPool2d(kernel_size=2, stride=2, padding=0, dilation=1, ceil_mode=False)
    (dropout2): Dropout2d(p=0.5, inplace=False)
    (conv3_1): Conv2d(128, 256, kernel_size=(3, 3), stride=(1, 1), padding=same)
    (conv3_2): Conv2d(256, 256, kernel_size=(3, 3), stride=(1, 1), padding=same)
    (maxpool3): MaxPool2d(kernel_size=2, stride=2, padding=0, dilation=1, ceil_mode=False)
    (dropout3): Dropout2d(p=0.5, inplace=False)
    (conv4_1): Conv2d(256, 512, kernel_size=(3, 3), stride=(1, 1), padding=same)
    (conv4_2): Conv2d(512, 512, kernel_size=(3, 3), stride=(1, 1), padding=same)
    (maxpool4): MaxPool2d(kernel_size=2, stride=2, padding=0, dilation=1, ceil_mode=False)
    (dropout4): Dropout2d(p=0.5, inplace=False)
    (conv5_1): Conv2d(512, 1024, kernel_size=(3, 3), stride=(1, 1), padding=same)
    (conv5_2): Conv2d(1024, 1024, kernel_size=(3, 3), stride=(1, 1), padding=same)
    (maxpool5): MaxPool2d(kernel_size=2, stride=2, padding=0, dilation=1, ceil_mode=False)
    (dropout5): Dropout2d(p=0.5, inplace=False)
    (reLU): ReLU()
  )
  (decoder): Decoder(
    (deconv1): ConvTranspose2d(1024, 512, kernel_size=(2, 2), stride=(2, 2))
    (conv1_1): Conv2d(1024, 512, kernel_size=(3, 3), stride=(1, 1), padding=same)
    (conv1_2): Conv2d(512, 512, kernel_size=(3, 3), stride=(1, 1), padding=same)
    (dropout6): Dropout2d(p=0.5, inplace=False)
    (deconv2): ConvTranspose2d(512, 256, kernel_size=(2, 2), stride=(2, 2))
    (conv2_1): Conv2d(512, 256, kernel_size=(3, 3), stride=(1, 1), padding=same)
    (conv2_2): Conv2d(256, 256, kernel_size=(3, 3), stride=(1, 1), padding=same)
    (dropout7): Dropout2d(p=0.5, inplace=False)
    (deconv3): ConvTranspose2d(256, 128, kernel_size=(2, 2), stride=(2, 2))
    (conv3_1): Conv2d(256, 128, kernel_size=(3, 3), stride=(1, 1), padding=same)
    (conv3_2): Conv2d(128, 128, kernel_size=(3, 3), stride=(1, 1), padding=same)
    (dropout8): Dropout2d(p=0.5, inplace=False)
    (deconv4): ConvTranspose2d(128, 64, kernel_size=(2, 2), stride=(2, 2))
    (conv4_1): Conv2d(128, 64, kernel_size=(3, 3), stride=(1, 1), padding=same)
    (conv4_2): Conv2d(64, 64, kernel_size=(3, 3), stride=(1, 1), padding=same)
    (dropout9): Dropout2d(p=0.5, inplace=False)
    (reLU): ReLU()
  )
  (head): Conv2d(64, 1, kernel_size=(1, 1), stride=(1, 1), padding=same)
)
2024-12-09 15:48:09,876 - INFO - Epoch 0/19
2024-12-09 15:48:09,876 - INFO - ----------
2024-12-09 15:48:12,512 - INFO - Validation loss: 0.4673
2024-12-09 15:48:12,512 - INFO - Validation dice score: 6.7911
2024-12-09 15:48:33,234 - INFO - Unet(
  (encoder): Encoder(
    (conv1_1): Conv2d(3, 64, kernel_size=(3, 3), stride=(1, 1), padding=same)
    (conv1_2): Conv2d(64, 64, kernel_size=(3, 3), stride=(1, 1), padding=same)
    (maxpool1): MaxPool2d(kernel_size=2, stride=2, padding=0, dilation=1, ceil_mode=False)
    (dropout1): Dropout2d(p=0.5, inplace=False)
    (conv2_1): Conv2d(64, 128, kernel_size=(3, 3), stride=(1, 1), padding=same)
    (conv2_2): Conv2d(128, 128, kernel_size=(3, 3), stride=(1, 1), padding=same)
    (maxpool2): MaxPool2d(kernel_size=2, stride=2, padding=0, dilation=1, ceil_mode=False)
    (dropout2): Dropout2d(p=0.5, inplace=False)
    (conv3_1): Conv2d(128, 256, kernel_size=(3, 3), stride=(1, 1), padding=same)
    (conv3_2): Conv2d(256, 256, kernel_size=(3, 3), stride=(1, 1), padding=same)
    (maxpool3): MaxPool2d(kernel_size=2, stride=2, padding=0, dilation=1, ceil_mode=False)
    (dropout3): Dropout2d(p=0.5, inplace=False)
    (conv4_1): Conv2d(256, 512, kernel_size=(3, 3), stride=(1, 1), padding=same)
    (conv4_2): Conv2d(512, 512, kernel_size=(3, 3), stride=(1, 1), padding=same)
    (maxpool4): MaxPool2d(kernel_size=2, stride=2, padding=0, dilation=1, ceil_mode=False)
    (dropout4): Dropout2d(p=0.5, inplace=False)
    (conv5_1): Conv2d(512, 1024, kernel_size=(3, 3), stride=(1, 1), padding=same)
    (conv5_2): Conv2d(1024, 1024, kernel_size=(3, 3), stride=(1, 1), padding=same)
    (maxpool5): MaxPool2d(kernel_size=2, stride=2, padding=0, dilation=1, ceil_mode=False)
    (dropout5): Dropout2d(p=0.5, inplace=False)
    (reLU): ReLU()
  )
  (decoder): Decoder(
    (deconv1): ConvTranspose2d(1024, 512, kernel_size=(2, 2), stride=(2, 2))
    (conv1_1): Conv2d(1024, 512, kernel_size=(3, 3), stride=(1, 1), padding=same)
    (conv1_2): Conv2d(512, 512, kernel_size=(3, 3), stride=(1, 1), padding=same)
    (dropout6): Dropout2d(p=0.5, inplace=False)
    (deconv2): ConvTranspose2d(512, 256, kernel_size=(2, 2), stride=(2, 2))
    (conv2_1): Conv2d(512, 256, kernel_size=(3, 3), stride=(1, 1), padding=same)
    (conv2_2): Conv2d(256, 256, kernel_size=(3, 3), stride=(1, 1), padding=same)
    (dropout7): Dropout2d(p=0.5, inplace=False)
    (deconv3): ConvTranspose2d(256, 128, kernel_size=(2, 2), stride=(2, 2))
    (conv3_1): Conv2d(256, 128, kernel_size=(3, 3), stride=(1, 1), padding=same)
    (conv3_2): Conv2d(128, 128, kernel_size=(3, 3), stride=(1, 1), padding=same)
    (dropout8): Dropout2d(p=0.5, inplace=False)
    (deconv4): ConvTranspose2d(128, 64, kernel_size=(2, 2), stride=(2, 2))
    (conv4_1): Conv2d(128, 64, kernel_size=(3, 3), stride=(1, 1), padding=same)
    (conv4_2): Conv2d(64, 64, kernel_size=(3, 3), stride=(1, 1), padding=same)
    (dropout9): Dropout2d(p=0.5, inplace=False)
    (reLU): ReLU()
  )
  (head): Conv2d(64, 1, kernel_size=(1, 1), stride=(1, 1), padding=same)
)
2024-12-09 15:48:33,359 - INFO - Epoch 0/19
2024-12-09 15:48:33,359 - INFO - ----------
2024-12-09 15:48:35,987 - INFO - Validation loss: 0.5457
2024-12-09 15:48:35,987 - INFO - Validation dice score: 6.7905
2024-12-09 15:48:36,125 - INFO - Epoch 1/19
2024-12-09 15:48:36,125 - INFO - ----------
2024-12-09 15:48:38,537 - INFO - Validation loss: 0.4740
2024-12-09 15:48:38,537 - INFO - Validation dice score: 6.7904
2024-12-09 15:48:38,986 - INFO - Epoch 2/19
2024-12-09 15:48:38,986 - INFO - ----------
2024-12-09 15:48:41,412 - INFO - Validation loss: 0.3173
2024-12-09 15:48:41,412 - INFO - Validation dice score: 6.7915
2024-12-09 15:48:41,794 - INFO - Epoch 3/19
2024-12-09 15:48:41,794 - INFO - ----------
2024-12-09 15:48:44,212 - INFO - Validation loss: -6.3368
2024-12-09 15:48:44,212 - INFO - Validation dice score: 6.7897
2024-12-09 15:48:44,618 - INFO - Epoch 4/19
2024-12-09 15:48:44,618 - INFO - ----------
2024-12-09 15:48:47,035 - INFO - Validation loss: -1150.3893
2024-12-09 15:48:47,035 - INFO - Validation dice score: 6.7898
2024-12-09 15:48:47,438 - INFO - Epoch 5/19
2024-12-09 15:48:47,438 - INFO - ----------
2024-12-09 15:48:49,847 - INFO - Validation loss: -88588.0467
2024-12-09 15:48:49,847 - INFO - Validation dice score: 6.7906
2024-12-09 15:48:50,248 - INFO - Epoch 6/19
2024-12-09 15:48:50,248 - INFO - ----------
2024-12-09 15:48:52,651 - INFO - Validation loss: -3246180.5000
2024-12-09 15:48:52,651 - INFO - Validation dice score: 6.7895
2024-12-09 15:48:53,046 - INFO - Epoch 7/19
2024-12-09 15:48:53,046 - INFO - ----------
2024-12-09 15:48:55,462 - INFO - Validation loss: -72788347.5894
2024-12-09 15:48:55,463 - INFO - Validation dice score: 6.7882
2024-12-09 15:48:55,873 - INFO - Epoch 8/19
2024-12-09 15:48:55,873 - INFO - ----------
2024-12-09 15:48:58,285 - INFO - Validation loss: -1143287841.4076
2024-12-09 15:48:58,285 - INFO - Validation dice score: 6.7929
2024-12-09 15:48:58,677 - INFO - Epoch 9/19
2024-12-09 15:48:58,677 - INFO - ----------
2024-12-09 15:49:01,088 - INFO - Validation loss: -13498291004.8094
2024-12-09 15:49:01,088 - INFO - Validation dice score: 6.7902
2024-12-09 15:49:01,495 - INFO - Epoch 10/19
2024-12-09 15:49:01,495 - INFO - ----------
2024-12-09 15:49:03,900 - INFO - Validation loss: -134867690745.2434
2024-12-09 15:49:03,900 - INFO - Validation dice score: 6.7906
2024-12-09 15:49:04,295 - INFO - Epoch 11/19
2024-12-09 15:49:04,296 - INFO - ----------
2024-12-09 15:49:06,698 - INFO - Validation loss: -1218053863934.4985
2024-12-09 15:49:06,698 - INFO - Validation dice score: 6.7903
2024-12-09 15:49:07,100 - INFO - Epoch 12/19
2024-12-09 15:49:07,100 - INFO - ----------
2024-12-09 15:49:09,501 - INFO - Validation loss: -8359022285172.3633
2024-12-09 15:49:09,501 - INFO - Validation dice score: 6.7904
2024-12-09 15:49:09,889 - INFO - Epoch 13/19
2024-12-09 15:49:09,889 - INFO - ----------
2024-12-09 15:49:12,292 - INFO - Validation loss: -55238941343359.6250
2024-12-09 15:49:12,292 - INFO - Validation dice score: 6.7928
2024-12-09 15:49:12,698 - INFO - Epoch 14/19
2024-12-09 15:49:12,698 - INFO - ----------
2024-12-09 15:49:15,114 - INFO - Validation loss: -318123934418625.6875
2024-12-09 15:49:15,114 - INFO - Validation dice score: 6.7899
2024-12-09 15:49:15,529 - INFO - Epoch 15/19
2024-12-09 15:49:15,529 - INFO - ----------
2024-12-09 15:49:17,929 - INFO - Validation loss: -1771961053694546.5000
2024-12-09 15:49:17,929 - INFO - Validation dice score: 6.7914
2024-12-09 15:49:18,324 - INFO - Epoch 16/19
2024-12-09 15:49:18,324 - INFO - ----------
2024-12-09 15:49:20,732 - INFO - Validation loss: -8586265328071917.0000
2024-12-09 15:49:20,732 - INFO - Validation dice score: 6.7902
2024-12-09 15:49:21,120 - INFO - Epoch 17/19
2024-12-09 15:49:21,120 - INFO - ----------
2024-12-09 15:49:23,533 - INFO - Validation loss: -36115202075241448.0000
2024-12-09 15:49:23,533 - INFO - Validation dice score: 6.7894
2024-12-09 15:49:23,938 - INFO - Epoch 18/19
2024-12-09 15:49:23,938 - INFO - ----------
2024-12-09 15:49:26,341 - INFO - Validation loss: -162041389217795904.0000
2024-12-09 15:49:26,341 - INFO - Validation dice score: 6.7900
2024-12-09 15:49:26,731 - INFO - Epoch 19/19
2024-12-09 15:49:26,731 - INFO - ----------
2024-12-09 15:49:29,135 - INFO - Validation loss: -657727200583055232.0000
2024-12-09 15:49:29,135 - INFO - Validation dice score: 6.7899
2024-12-09 15:49:29,523 - INFO - Training complete in 0m 56s
2024-12-09 15:49:29,524 - INFO - Best validation loss: -657727200583055232.000000
2024-12-09 15:49:29,524 - INFO - Best validation score: 6.789947
2024-12-09 15:57:42,239 - INFO - Unet(
  (encoder): Encoder(
    (conv1_1): Conv2d(3, 64, kernel_size=(3, 3), stride=(1, 1), padding=same)
    (conv1_2): Conv2d(64, 64, kernel_size=(3, 3), stride=(1, 1), padding=same)
    (maxpool1): MaxPool2d(kernel_size=2, stride=2, padding=0, dilation=1, ceil_mode=False)
    (dropout1): Dropout2d(p=0.5, inplace=False)
    (conv2_1): Conv2d(64, 128, kernel_size=(3, 3), stride=(1, 1), padding=same)
    (conv2_2): Conv2d(128, 128, kernel_size=(3, 3), stride=(1, 1), padding=same)
    (maxpool2): MaxPool2d(kernel_size=2, stride=2, padding=0, dilation=1, ceil_mode=False)
    (dropout2): Dropout2d(p=0.5, inplace=False)
    (conv3_1): Conv2d(128, 256, kernel_size=(3, 3), stride=(1, 1), padding=same)
    (conv3_2): Conv2d(256, 256, kernel_size=(3, 3), stride=(1, 1), padding=same)
    (maxpool3): MaxPool2d(kernel_size=2, stride=2, padding=0, dilation=1, ceil_mode=False)
    (dropout3): Dropout2d(p=0.5, inplace=False)
    (conv4_1): Conv2d(256, 512, kernel_size=(3, 3), stride=(1, 1), padding=same)
    (conv4_2): Conv2d(512, 512, kernel_size=(3, 3), stride=(1, 1), padding=same)
    (maxpool4): MaxPool2d(kernel_size=2, stride=2, padding=0, dilation=1, ceil_mode=False)
    (dropout4): Dropout2d(p=0.5, inplace=False)
    (conv5_1): Conv2d(512, 1024, kernel_size=(3, 3), stride=(1, 1), padding=same)
    (conv5_2): Conv2d(1024, 1024, kernel_size=(3, 3), stride=(1, 1), padding=same)
    (maxpool5): MaxPool2d(kernel_size=2, stride=2, padding=0, dilation=1, ceil_mode=False)
    (dropout5): Dropout2d(p=0.5, inplace=False)
    (reLU): ReLU()
  )
  (decoder): Decoder(
    (deconv1): ConvTranspose2d(1024, 512, kernel_size=(2, 2), stride=(2, 2))
    (conv1_1): Conv2d(1024, 512, kernel_size=(3, 3), stride=(1, 1), padding=same)
    (conv1_2): Conv2d(512, 512, kernel_size=(3, 3), stride=(1, 1), padding=same)
    (dropout6): Dropout2d(p=0.5, inplace=False)
    (deconv2): ConvTranspose2d(512, 256, kernel_size=(2, 2), stride=(2, 2))
    (conv2_1): Conv2d(512, 256, kernel_size=(3, 3), stride=(1, 1), padding=same)
    (conv2_2): Conv2d(256, 256, kernel_size=(3, 3), stride=(1, 1), padding=same)
    (dropout7): Dropout2d(p=0.5, inplace=False)
    (deconv3): ConvTranspose2d(256, 128, kernel_size=(2, 2), stride=(2, 2))
    (conv3_1): Conv2d(256, 128, kernel_size=(3, 3), stride=(1, 1), padding=same)
    (conv3_2): Conv2d(128, 128, kernel_size=(3, 3), stride=(1, 1), padding=same)
    (dropout8): Dropout2d(p=0.5, inplace=False)
    (deconv4): ConvTranspose2d(128, 64, kernel_size=(2, 2), stride=(2, 2))
    (conv4_1): Conv2d(128, 64, kernel_size=(3, 3), stride=(1, 1), padding=same)
    (conv4_2): Conv2d(64, 64, kernel_size=(3, 3), stride=(1, 1), padding=same)
    (dropout9): Dropout2d(p=0.5, inplace=False)
    (reLU): ReLU()
  )
  (head): Conv2d(64, 1, kernel_size=(1, 1), stride=(1, 1), padding=same)
)
2024-12-09 15:57:42,366 - INFO - Epoch 0/19
2024-12-09 15:57:42,366 - INFO - ----------
2024-12-09 15:57:45,000 - INFO - Validation loss: 1.0907
2024-12-09 15:57:45,000 - INFO - Validation dice score: 2.4682
2024-12-09 15:57:45,454 - INFO - Epoch 1/19
2024-12-09 15:57:45,454 - INFO - ----------
2024-12-09 15:57:47,841 - INFO - Validation loss: 0.9766
2024-12-09 15:57:47,841 - INFO - Validation dice score: 2.5232
2024-12-09 15:57:48,252 - INFO - Epoch 2/19
2024-12-09 15:57:48,252 - INFO - ----------
2024-12-09 15:57:50,643 - INFO - Validation loss: 0.6937
2024-12-09 15:57:50,643 - INFO - Validation dice score: 2.5992
2024-12-09 15:57:51,059 - INFO - Epoch 3/19
2024-12-09 15:57:51,059 - INFO - ----------
2024-12-09 15:57:53,460 - INFO - Validation loss: -19.4618
2024-12-09 15:57:53,460 - INFO - Validation dice score: 4.0810
2024-12-09 15:57:53,869 - INFO - Epoch 4/19
2024-12-09 15:57:53,869 - INFO - ----------
2024-12-09 15:57:56,261 - INFO - Validation loss: -3620.5012
2024-12-09 15:57:56,261 - INFO - Validation dice score: 4.2632
2024-12-09 15:57:56,655 - INFO - Epoch 5/19
2024-12-09 15:57:56,655 - INFO - ----------
2024-12-09 16:00:35,569 - INFO - Unet(
  (encoder): Encoder(
    (conv1_1): Conv2d(3, 64, kernel_size=(3, 3), stride=(1, 1), padding=same)
    (conv1_2): Conv2d(64, 64, kernel_size=(3, 3), stride=(1, 1), padding=same)
    (maxpool1): MaxPool2d(kernel_size=2, stride=2, padding=0, dilation=1, ceil_mode=False)
    (dropout1): Dropout2d(p=0.5, inplace=False)
    (conv2_1): Conv2d(64, 128, kernel_size=(3, 3), stride=(1, 1), padding=same)
    (conv2_2): Conv2d(128, 128, kernel_size=(3, 3), stride=(1, 1), padding=same)
    (maxpool2): MaxPool2d(kernel_size=2, stride=2, padding=0, dilation=1, ceil_mode=False)
    (dropout2): Dropout2d(p=0.5, inplace=False)
    (conv3_1): Conv2d(128, 256, kernel_size=(3, 3), stride=(1, 1), padding=same)
    (conv3_2): Conv2d(256, 256, kernel_size=(3, 3), stride=(1, 1), padding=same)
    (maxpool3): MaxPool2d(kernel_size=2, stride=2, padding=0, dilation=1, ceil_mode=False)
    (dropout3): Dropout2d(p=0.5, inplace=False)
    (conv4_1): Conv2d(256, 512, kernel_size=(3, 3), stride=(1, 1), padding=same)
    (conv4_2): Conv2d(512, 512, kernel_size=(3, 3), stride=(1, 1), padding=same)
    (maxpool4): MaxPool2d(kernel_size=2, stride=2, padding=0, dilation=1, ceil_mode=False)
    (dropout4): Dropout2d(p=0.5, inplace=False)
    (conv5_1): Conv2d(512, 1024, kernel_size=(3, 3), stride=(1, 1), padding=same)
    (conv5_2): Conv2d(1024, 1024, kernel_size=(3, 3), stride=(1, 1), padding=same)
    (maxpool5): MaxPool2d(kernel_size=2, stride=2, padding=0, dilation=1, ceil_mode=False)
    (dropout5): Dropout2d(p=0.5, inplace=False)
    (reLU): ReLU()
  )
  (decoder): Decoder(
    (deconv1): ConvTranspose2d(1024, 512, kernel_size=(2, 2), stride=(2, 2))
    (conv1_1): Conv2d(1024, 512, kernel_size=(3, 3), stride=(1, 1), padding=same)
    (conv1_2): Conv2d(512, 512, kernel_size=(3, 3), stride=(1, 1), padding=same)
    (dropout6): Dropout2d(p=0.5, inplace=False)
    (deconv2): ConvTranspose2d(512, 256, kernel_size=(2, 2), stride=(2, 2))
    (conv2_1): Conv2d(512, 256, kernel_size=(3, 3), stride=(1, 1), padding=same)
    (conv2_2): Conv2d(256, 256, kernel_size=(3, 3), stride=(1, 1), padding=same)
    (dropout7): Dropout2d(p=0.5, inplace=False)
    (deconv3): ConvTranspose2d(256, 128, kernel_size=(2, 2), stride=(2, 2))
    (conv3_1): Conv2d(256, 128, kernel_size=(3, 3), stride=(1, 1), padding=same)
    (conv3_2): Conv2d(128, 128, kernel_size=(3, 3), stride=(1, 1), padding=same)
    (dropout8): Dropout2d(p=0.5, inplace=False)
    (deconv4): ConvTranspose2d(128, 64, kernel_size=(2, 2), stride=(2, 2))
    (conv4_1): Conv2d(128, 64, kernel_size=(3, 3), stride=(1, 1), padding=same)
    (conv4_2): Conv2d(64, 64, kernel_size=(3, 3), stride=(1, 1), padding=same)
    (dropout9): Dropout2d(p=0.5, inplace=False)
    (reLU): ReLU()
  )
  (head): Conv2d(64, 1, kernel_size=(1, 1), stride=(1, 1), padding=same)
)
2024-12-09 16:00:35,700 - INFO - Epoch 0/19
2024-12-09 16:00:35,701 - INFO - ----------
2024-12-09 16:00:38,298 - INFO - Validation loss: 1.0648
2024-12-09 16:00:38,298 - INFO - Validation dice score: 2.4225
2024-12-09 16:00:38,733 - INFO - Epoch 1/19
2024-12-09 16:00:38,733 - INFO - ----------
2024-12-09 16:00:57,324 - INFO - Unet(
  (encoder): Encoder(
    (conv1_1): Conv2d(3, 64, kernel_size=(3, 3), stride=(1, 1), padding=same)
    (conv1_2): Conv2d(64, 64, kernel_size=(3, 3), stride=(1, 1), padding=same)
    (maxpool1): MaxPool2d(kernel_size=2, stride=2, padding=0, dilation=1, ceil_mode=False)
    (dropout1): Dropout2d(p=0.5, inplace=False)
    (conv2_1): Conv2d(64, 128, kernel_size=(3, 3), stride=(1, 1), padding=same)
    (conv2_2): Conv2d(128, 128, kernel_size=(3, 3), stride=(1, 1), padding=same)
    (maxpool2): MaxPool2d(kernel_size=2, stride=2, padding=0, dilation=1, ceil_mode=False)
    (dropout2): Dropout2d(p=0.5, inplace=False)
    (conv3_1): Conv2d(128, 256, kernel_size=(3, 3), stride=(1, 1), padding=same)
    (conv3_2): Conv2d(256, 256, kernel_size=(3, 3), stride=(1, 1), padding=same)
    (maxpool3): MaxPool2d(kernel_size=2, stride=2, padding=0, dilation=1, ceil_mode=False)
    (dropout3): Dropout2d(p=0.5, inplace=False)
    (conv4_1): Conv2d(256, 512, kernel_size=(3, 3), stride=(1, 1), padding=same)
    (conv4_2): Conv2d(512, 512, kernel_size=(3, 3), stride=(1, 1), padding=same)
    (maxpool4): MaxPool2d(kernel_size=2, stride=2, padding=0, dilation=1, ceil_mode=False)
    (dropout4): Dropout2d(p=0.5, inplace=False)
    (conv5_1): Conv2d(512, 1024, kernel_size=(3, 3), stride=(1, 1), padding=same)
    (conv5_2): Conv2d(1024, 1024, kernel_size=(3, 3), stride=(1, 1), padding=same)
    (maxpool5): MaxPool2d(kernel_size=2, stride=2, padding=0, dilation=1, ceil_mode=False)
    (dropout5): Dropout2d(p=0.5, inplace=False)
    (reLU): ReLU()
  )
  (decoder): Decoder(
    (deconv1): ConvTranspose2d(1024, 512, kernel_size=(2, 2), stride=(2, 2))
    (conv1_1): Conv2d(1024, 512, kernel_size=(3, 3), stride=(1, 1), padding=same)
    (conv1_2): Conv2d(512, 512, kernel_size=(3, 3), stride=(1, 1), padding=same)
    (dropout6): Dropout2d(p=0.5, inplace=False)
    (deconv2): ConvTranspose2d(512, 256, kernel_size=(2, 2), stride=(2, 2))
    (conv2_1): Conv2d(512, 256, kernel_size=(3, 3), stride=(1, 1), padding=same)
    (conv2_2): Conv2d(256, 256, kernel_size=(3, 3), stride=(1, 1), padding=same)
    (dropout7): Dropout2d(p=0.5, inplace=False)
    (deconv3): ConvTranspose2d(256, 128, kernel_size=(2, 2), stride=(2, 2))
    (conv3_1): Conv2d(256, 128, kernel_size=(3, 3), stride=(1, 1), padding=same)
    (conv3_2): Conv2d(128, 128, kernel_size=(3, 3), stride=(1, 1), padding=same)
    (dropout8): Dropout2d(p=0.5, inplace=False)
    (deconv4): ConvTranspose2d(128, 64, kernel_size=(2, 2), stride=(2, 2))
    (conv4_1): Conv2d(128, 64, kernel_size=(3, 3), stride=(1, 1), padding=same)
    (conv4_2): Conv2d(64, 64, kernel_size=(3, 3), stride=(1, 1), padding=same)
    (dropout9): Dropout2d(p=0.5, inplace=False)
    (reLU): ReLU()
  )
  (head): Conv2d(64, 1, kernel_size=(1, 1), stride=(1, 1), padding=same)
)
2024-12-09 16:00:57,452 - INFO - Epoch 0/19
2024-12-09 16:00:57,452 - INFO - ----------
2024-12-09 16:01:00,050 - INFO - Validation loss: 1.4128
2024-12-09 16:01:00,050 - INFO - Validation dice score: 2.2901
2024-12-09 16:01:00,461 - INFO - Epoch 1/19
2024-12-09 16:01:00,461 - INFO - ----------
2024-12-09 16:01:02,846 - INFO - Validation loss: 1.2799
2024-12-09 16:01:02,846 - INFO - Validation dice score: 2.3375
2024-12-09 16:01:03,240 - INFO - Epoch 2/19
2024-12-09 16:01:03,240 - INFO - ----------
2024-12-09 16:01:33,524 - INFO - Unet(
  (encoder): Encoder(
    (conv1_1): Conv2d(3, 64, kernel_size=(3, 3), stride=(1, 1), padding=same)
    (conv1_2): Conv2d(64, 64, kernel_size=(3, 3), stride=(1, 1), padding=same)
    (maxpool1): MaxPool2d(kernel_size=2, stride=2, padding=0, dilation=1, ceil_mode=False)
    (dropout1): Dropout2d(p=0.5, inplace=False)
    (conv2_1): Conv2d(64, 128, kernel_size=(3, 3), stride=(1, 1), padding=same)
    (conv2_2): Conv2d(128, 128, kernel_size=(3, 3), stride=(1, 1), padding=same)
    (maxpool2): MaxPool2d(kernel_size=2, stride=2, padding=0, dilation=1, ceil_mode=False)
    (dropout2): Dropout2d(p=0.5, inplace=False)
    (conv3_1): Conv2d(128, 256, kernel_size=(3, 3), stride=(1, 1), padding=same)
    (conv3_2): Conv2d(256, 256, kernel_size=(3, 3), stride=(1, 1), padding=same)
    (maxpool3): MaxPool2d(kernel_size=2, stride=2, padding=0, dilation=1, ceil_mode=False)
    (dropout3): Dropout2d(p=0.5, inplace=False)
    (conv4_1): Conv2d(256, 512, kernel_size=(3, 3), stride=(1, 1), padding=same)
    (conv4_2): Conv2d(512, 512, kernel_size=(3, 3), stride=(1, 1), padding=same)
    (maxpool4): MaxPool2d(kernel_size=2, stride=2, padding=0, dilation=1, ceil_mode=False)
    (dropout4): Dropout2d(p=0.5, inplace=False)
    (conv5_1): Conv2d(512, 1024, kernel_size=(3, 3), stride=(1, 1), padding=same)
    (conv5_2): Conv2d(1024, 1024, kernel_size=(3, 3), stride=(1, 1), padding=same)
    (maxpool5): MaxPool2d(kernel_size=2, stride=2, padding=0, dilation=1, ceil_mode=False)
    (dropout5): Dropout2d(p=0.5, inplace=False)
    (reLU): ReLU()
  )
  (decoder): Decoder(
    (deconv1): ConvTranspose2d(1024, 512, kernel_size=(2, 2), stride=(2, 2))
    (conv1_1): Conv2d(1024, 512, kernel_size=(3, 3), stride=(1, 1), padding=same)
    (conv1_2): Conv2d(512, 512, kernel_size=(3, 3), stride=(1, 1), padding=same)
    (dropout6): Dropout2d(p=0.5, inplace=False)
    (deconv2): ConvTranspose2d(512, 256, kernel_size=(2, 2), stride=(2, 2))
    (conv2_1): Conv2d(512, 256, kernel_size=(3, 3), stride=(1, 1), padding=same)
    (conv2_2): Conv2d(256, 256, kernel_size=(3, 3), stride=(1, 1), padding=same)
    (dropout7): Dropout2d(p=0.5, inplace=False)
    (deconv3): ConvTranspose2d(256, 128, kernel_size=(2, 2), stride=(2, 2))
    (conv3_1): Conv2d(256, 128, kernel_size=(3, 3), stride=(1, 1), padding=same)
    (conv3_2): Conv2d(128, 128, kernel_size=(3, 3), stride=(1, 1), padding=same)
    (dropout8): Dropout2d(p=0.5, inplace=False)
    (deconv4): ConvTranspose2d(128, 64, kernel_size=(2, 2), stride=(2, 2))
    (conv4_1): Conv2d(128, 64, kernel_size=(3, 3), stride=(1, 1), padding=same)
    (conv4_2): Conv2d(64, 64, kernel_size=(3, 3), stride=(1, 1), padding=same)
    (dropout9): Dropout2d(p=0.5, inplace=False)
    (reLU): ReLU()
  )
  (head): Conv2d(64, 1, kernel_size=(1, 1), stride=(1, 1), padding=same)
)
2024-12-09 16:01:33,652 - INFO - Epoch 0/19
2024-12-09 16:01:33,652 - INFO - ----------
2024-12-09 16:01:36,268 - INFO - Validation loss: 0.8795
2024-12-09 16:01:36,268 - INFO - Validation dice score: 2.4969
2024-12-09 16:01:36,658 - INFO - Epoch 1/19
2024-12-09 16:01:36,658 - INFO - ----------
2024-12-09 16:01:39,030 - INFO - Validation loss: 0.5964
2024-12-09 16:01:39,030 - INFO - Validation dice score: 2.6081
2024-12-09 16:01:39,427 - INFO - Epoch 2/19
2024-12-09 16:01:39,428 - INFO - ----------
2024-12-09 16:01:41,814 - INFO - Validation loss: -1.7564
2024-12-09 16:01:41,814 - INFO - Validation dice score: 3.3775
2024-12-09 16:01:42,205 - INFO - Epoch 3/19
2024-12-09 16:01:42,205 - INFO - ----------
2024-12-09 16:01:44,584 - INFO - Validation loss: -504.6032
2024-12-09 16:01:44,585 - INFO - Validation dice score: 4.0183
2024-12-09 16:01:44,975 - INFO - Epoch 4/19
2024-12-09 16:01:44,975 - INFO - ----------
2024-12-09 16:01:59,195 - INFO - Unet(
  (encoder): Encoder(
    (conv1_1): Conv2d(3, 64, kernel_size=(3, 3), stride=(1, 1), padding=same)
    (conv1_2): Conv2d(64, 64, kernel_size=(3, 3), stride=(1, 1), padding=same)
    (maxpool1): MaxPool2d(kernel_size=2, stride=2, padding=0, dilation=1, ceil_mode=False)
    (dropout1): Dropout2d(p=0.5, inplace=False)
    (conv2_1): Conv2d(64, 128, kernel_size=(3, 3), stride=(1, 1), padding=same)
    (conv2_2): Conv2d(128, 128, kernel_size=(3, 3), stride=(1, 1), padding=same)
    (maxpool2): MaxPool2d(kernel_size=2, stride=2, padding=0, dilation=1, ceil_mode=False)
    (dropout2): Dropout2d(p=0.5, inplace=False)
    (conv3_1): Conv2d(128, 256, kernel_size=(3, 3), stride=(1, 1), padding=same)
    (conv3_2): Conv2d(256, 256, kernel_size=(3, 3), stride=(1, 1), padding=same)
    (maxpool3): MaxPool2d(kernel_size=2, stride=2, padding=0, dilation=1, ceil_mode=False)
    (dropout3): Dropout2d(p=0.5, inplace=False)
    (conv4_1): Conv2d(256, 512, kernel_size=(3, 3), stride=(1, 1), padding=same)
    (conv4_2): Conv2d(512, 512, kernel_size=(3, 3), stride=(1, 1), padding=same)
    (maxpool4): MaxPool2d(kernel_size=2, stride=2, padding=0, dilation=1, ceil_mode=False)
    (dropout4): Dropout2d(p=0.5, inplace=False)
    (conv5_1): Conv2d(512, 1024, kernel_size=(3, 3), stride=(1, 1), padding=same)
    (conv5_2): Conv2d(1024, 1024, kernel_size=(3, 3), stride=(1, 1), padding=same)
    (maxpool5): MaxPool2d(kernel_size=2, stride=2, padding=0, dilation=1, ceil_mode=False)
    (dropout5): Dropout2d(p=0.5, inplace=False)
    (reLU): ReLU()
  )
  (decoder): Decoder(
    (deconv1): ConvTranspose2d(1024, 512, kernel_size=(2, 2), stride=(2, 2))
    (conv1_1): Conv2d(1024, 512, kernel_size=(3, 3), stride=(1, 1), padding=same)
    (conv1_2): Conv2d(512, 512, kernel_size=(3, 3), stride=(1, 1), padding=same)
    (dropout6): Dropout2d(p=0.5, inplace=False)
    (deconv2): ConvTranspose2d(512, 256, kernel_size=(2, 2), stride=(2, 2))
    (conv2_1): Conv2d(512, 256, kernel_size=(3, 3), stride=(1, 1), padding=same)
    (conv2_2): Conv2d(256, 256, kernel_size=(3, 3), stride=(1, 1), padding=same)
    (dropout7): Dropout2d(p=0.5, inplace=False)
    (deconv3): ConvTranspose2d(256, 128, kernel_size=(2, 2), stride=(2, 2))
    (conv3_1): Conv2d(256, 128, kernel_size=(3, 3), stride=(1, 1), padding=same)
    (conv3_2): Conv2d(128, 128, kernel_size=(3, 3), stride=(1, 1), padding=same)
    (dropout8): Dropout2d(p=0.5, inplace=False)
    (deconv4): ConvTranspose2d(128, 64, kernel_size=(2, 2), stride=(2, 2))
    (conv4_1): Conv2d(128, 64, kernel_size=(3, 3), stride=(1, 1), padding=same)
    (conv4_2): Conv2d(64, 64, kernel_size=(3, 3), stride=(1, 1), padding=same)
    (dropout9): Dropout2d(p=0.5, inplace=False)
    (reLU): ReLU()
  )
  (head): Conv2d(64, 1, kernel_size=(1, 1), stride=(1, 1), padding=same)
)
2024-12-09 16:01:59,325 - INFO - Epoch 0/19
2024-12-09 16:01:59,325 - INFO - ----------
2024-12-09 16:02:01,949 - INFO - Validation loss: 1.4756
2024-12-09 16:02:01,949 - INFO - Validation dice score: 2.2872
2024-12-09 16:02:02,415 - INFO - Epoch 1/19
2024-12-09 16:02:02,416 - INFO - ----------
2024-12-09 16:02:44,876 - INFO - Unet(
  (encoder): Encoder(
    (conv1_1): Conv2d(3, 64, kernel_size=(3, 3), stride=(1, 1), padding=same)
    (conv1_2): Conv2d(64, 64, kernel_size=(3, 3), stride=(1, 1), padding=same)
    (maxpool1): MaxPool2d(kernel_size=2, stride=2, padding=0, dilation=1, ceil_mode=False)
    (dropout1): Dropout2d(p=0.5, inplace=False)
    (conv2_1): Conv2d(64, 128, kernel_size=(3, 3), stride=(1, 1), padding=same)
    (conv2_2): Conv2d(128, 128, kernel_size=(3, 3), stride=(1, 1), padding=same)
    (maxpool2): MaxPool2d(kernel_size=2, stride=2, padding=0, dilation=1, ceil_mode=False)
    (dropout2): Dropout2d(p=0.5, inplace=False)
    (conv3_1): Conv2d(128, 256, kernel_size=(3, 3), stride=(1, 1), padding=same)
    (conv3_2): Conv2d(256, 256, kernel_size=(3, 3), stride=(1, 1), padding=same)
    (maxpool3): MaxPool2d(kernel_size=2, stride=2, padding=0, dilation=1, ceil_mode=False)
    (dropout3): Dropout2d(p=0.5, inplace=False)
    (conv4_1): Conv2d(256, 512, kernel_size=(3, 3), stride=(1, 1), padding=same)
    (conv4_2): Conv2d(512, 512, kernel_size=(3, 3), stride=(1, 1), padding=same)
    (maxpool4): MaxPool2d(kernel_size=2, stride=2, padding=0, dilation=1, ceil_mode=False)
    (dropout4): Dropout2d(p=0.5, inplace=False)
    (conv5_1): Conv2d(512, 1024, kernel_size=(3, 3), stride=(1, 1), padding=same)
    (conv5_2): Conv2d(1024, 1024, kernel_size=(3, 3), stride=(1, 1), padding=same)
    (maxpool5): MaxPool2d(kernel_size=2, stride=2, padding=0, dilation=1, ceil_mode=False)
    (dropout5): Dropout2d(p=0.5, inplace=False)
    (reLU): ReLU()
  )
  (decoder): Decoder(
    (deconv1): ConvTranspose2d(1024, 512, kernel_size=(2, 2), stride=(2, 2))
    (conv1_1): Conv2d(1024, 512, kernel_size=(3, 3), stride=(1, 1), padding=same)
    (conv1_2): Conv2d(512, 512, kernel_size=(3, 3), stride=(1, 1), padding=same)
    (dropout6): Dropout2d(p=0.5, inplace=False)
    (deconv2): ConvTranspose2d(512, 256, kernel_size=(2, 2), stride=(2, 2))
    (conv2_1): Conv2d(512, 256, kernel_size=(3, 3), stride=(1, 1), padding=same)
    (conv2_2): Conv2d(256, 256, kernel_size=(3, 3), stride=(1, 1), padding=same)
    (dropout7): Dropout2d(p=0.5, inplace=False)
    (deconv3): ConvTranspose2d(256, 128, kernel_size=(2, 2), stride=(2, 2))
    (conv3_1): Conv2d(256, 128, kernel_size=(3, 3), stride=(1, 1), padding=same)
    (conv3_2): Conv2d(128, 128, kernel_size=(3, 3), stride=(1, 1), padding=same)
    (dropout8): Dropout2d(p=0.5, inplace=False)
    (deconv4): ConvTranspose2d(128, 64, kernel_size=(2, 2), stride=(2, 2))
    (conv4_1): Conv2d(128, 64, kernel_size=(3, 3), stride=(1, 1), padding=same)
    (conv4_2): Conv2d(64, 64, kernel_size=(3, 3), stride=(1, 1), padding=same)
    (dropout9): Dropout2d(p=0.5, inplace=False)
    (reLU): ReLU()
  )
  (head): Conv2d(64, 1, kernel_size=(1, 1), stride=(1, 1), padding=same)
)
2024-12-09 16:02:44,997 - INFO - Epoch 0/19
2024-12-09 16:02:44,997 - INFO - ----------
2024-12-09 16:02:47,620 - INFO - Validation loss: 1.6518
2024-12-09 16:02:47,620 - INFO - Validation dice score: 0.1371
2024-12-09 16:02:48,025 - INFO - Epoch 1/19
2024-12-09 16:02:48,025 - INFO - ----------
2024-12-09 16:02:50,416 - INFO - Validation loss: 1.6118
2024-12-09 16:02:50,416 - INFO - Validation dice score: 0.1495
2024-12-09 16:02:50,824 - INFO - Epoch 2/19
2024-12-09 16:02:50,824 - INFO - ----------
2024-12-09 16:02:53,214 - INFO - Validation loss: 1.4843
2024-12-09 16:02:53,214 - INFO - Validation dice score: 0.1299
2024-12-09 16:02:53,604 - INFO - Epoch 3/19
2024-12-09 16:02:53,604 - INFO - ----------
2024-12-09 16:02:55,996 - INFO - Validation loss: 1.6559
2024-12-09 16:02:55,996 - INFO - Validation dice score: 0.0192
2024-12-09 16:02:55,996 - INFO - Epoch 4/19
2024-12-09 16:02:55,996 - INFO - ----------
2024-12-09 16:02:58,384 - INFO - Validation loss: 1.3039
2024-12-09 16:02:58,384 - INFO - Validation dice score: 0.0841
2024-12-09 16:02:58,795 - INFO - Epoch 5/19
2024-12-09 16:02:58,795 - INFO - ----------
2024-12-09 16:03:01,188 - INFO - Validation loss: 1.3681
2024-12-09 16:03:01,188 - INFO - Validation dice score: 0.1182
2024-12-09 16:03:01,188 - INFO - Epoch 6/19
2024-12-09 16:03:01,188 - INFO - ----------
2024-12-09 18:31:10,778 - INFO - Unet(
  (encoder): Encoder(
    (conv1_1): Conv2d(3, 64, kernel_size=(3, 3), stride=(1, 1), padding=same)
    (conv1_2): Conv2d(64, 64, kernel_size=(3, 3), stride=(1, 1), padding=same)
    (maxpool1): MaxPool2d(kernel_size=2, stride=2, padding=0, dilation=1, ceil_mode=False)
    (dropout1): Dropout2d(p=0.5, inplace=False)
    (conv2_1): Conv2d(64, 128, kernel_size=(3, 3), stride=(1, 1), padding=same)
    (conv2_2): Conv2d(128, 128, kernel_size=(3, 3), stride=(1, 1), padding=same)
    (maxpool2): MaxPool2d(kernel_size=2, stride=2, padding=0, dilation=1, ceil_mode=False)
    (dropout2): Dropout2d(p=0.5, inplace=False)
    (conv3_1): Conv2d(128, 256, kernel_size=(3, 3), stride=(1, 1), padding=same)
    (conv3_2): Conv2d(256, 256, kernel_size=(3, 3), stride=(1, 1), padding=same)
    (maxpool3): MaxPool2d(kernel_size=2, stride=2, padding=0, dilation=1, ceil_mode=False)
    (dropout3): Dropout2d(p=0.5, inplace=False)
    (conv4_1): Conv2d(256, 512, kernel_size=(3, 3), stride=(1, 1), padding=same)
    (conv4_2): Conv2d(512, 512, kernel_size=(3, 3), stride=(1, 1), padding=same)
    (maxpool4): MaxPool2d(kernel_size=2, stride=2, padding=0, dilation=1, ceil_mode=False)
    (dropout4): Dropout2d(p=0.5, inplace=False)
    (conv5_1): Conv2d(512, 1024, kernel_size=(3, 3), stride=(1, 1), padding=same)
    (conv5_2): Conv2d(1024, 1024, kernel_size=(3, 3), stride=(1, 1), padding=same)
    (maxpool5): MaxPool2d(kernel_size=2, stride=2, padding=0, dilation=1, ceil_mode=False)
    (dropout5): Dropout2d(p=0.5, inplace=False)
    (reLU): ReLU()
  )
  (decoder): Decoder(
    (deconv1): ConvTranspose2d(1024, 512, kernel_size=(2, 2), stride=(2, 2))
    (conv1_1): Conv2d(1024, 512, kernel_size=(3, 3), stride=(1, 1), padding=same)
    (conv1_2): Conv2d(512, 512, kernel_size=(3, 3), stride=(1, 1), padding=same)
    (dropout6): Dropout2d(p=0.5, inplace=False)
    (deconv2): ConvTranspose2d(512, 256, kernel_size=(2, 2), stride=(2, 2))
    (conv2_1): Conv2d(512, 256, kernel_size=(3, 3), stride=(1, 1), padding=same)
    (conv2_2): Conv2d(256, 256, kernel_size=(3, 3), stride=(1, 1), padding=same)
    (dropout7): Dropout2d(p=0.5, inplace=False)
    (deconv3): ConvTranspose2d(256, 128, kernel_size=(2, 2), stride=(2, 2))
    (conv3_1): Conv2d(256, 128, kernel_size=(3, 3), stride=(1, 1), padding=same)
    (conv3_2): Conv2d(128, 128, kernel_size=(3, 3), stride=(1, 1), padding=same)
    (dropout8): Dropout2d(p=0.5, inplace=False)
    (deconv4): ConvTranspose2d(128, 64, kernel_size=(2, 2), stride=(2, 2))
    (conv4_1): Conv2d(128, 64, kernel_size=(3, 3), stride=(1, 1), padding=same)
    (conv4_2): Conv2d(64, 64, kernel_size=(3, 3), stride=(1, 1), padding=same)
    (dropout9): Dropout2d(p=0.5, inplace=False)
    (reLU): ReLU()
  )
  (head): Conv2d(64, 1, kernel_size=(1, 1), stride=(1, 1), padding=same)
)
2024-12-09 18:31:10,879 - INFO - Epoch 0/39
2024-12-09 18:31:10,879 - INFO - ----------
2024-12-09 18:31:39,045 - INFO - Validation loss: 0.9486
2024-12-09 18:31:39,045 - INFO - Validation dice score: 0.1056
2024-12-09 18:31:39,477 - INFO - Epoch 1/39
2024-12-09 18:31:39,477 - INFO - ----------
2024-12-09 18:32:07,476 - INFO - Validation loss: 0.9273
2024-12-09 18:32:07,476 - INFO - Validation dice score: 0.1471
2024-12-09 18:32:07,877 - INFO - Epoch 2/39
2024-12-09 18:32:07,877 - INFO - ----------
2024-12-09 18:32:35,947 - INFO - Validation loss: 0.9364
2024-12-09 18:32:35,948 - INFO - Validation dice score: 0.1358
2024-12-09 18:32:35,948 - INFO - Epoch 3/39
2024-12-09 18:32:35,948 - INFO - ----------
2024-12-09 18:33:04,079 - INFO - Validation loss: 0.8826
2024-12-09 18:33:04,079 - INFO - Validation dice score: 0.1673
2024-12-09 18:33:04,489 - INFO - Epoch 4/39
2024-12-09 18:33:04,489 - INFO - ----------
2024-12-09 18:33:32,620 - INFO - Validation loss: 0.8647
2024-12-09 18:33:32,620 - INFO - Validation dice score: 0.1831
2024-12-09 18:33:33,030 - INFO - Epoch 5/39
2024-12-09 18:33:33,030 - INFO - ----------
2024-12-09 18:34:01,174 - INFO - Validation loss: 0.8626
2024-12-09 18:34:01,174 - INFO - Validation dice score: 0.1831
2024-12-09 18:34:01,584 - INFO - Epoch 6/39
2024-12-09 18:34:01,584 - INFO - ----------
2024-12-09 18:34:29,729 - INFO - Validation loss: 0.8655
2024-12-09 18:34:29,729 - INFO - Validation dice score: 0.1815
2024-12-09 18:34:29,729 - INFO - Epoch 7/39
2024-12-09 18:34:29,729 - INFO - ----------
2024-12-09 18:34:57,883 - INFO - Validation loss: 0.8691
2024-12-09 18:34:57,883 - INFO - Validation dice score: 0.1761
2024-12-09 18:34:57,883 - INFO - Epoch 8/39
2024-12-09 18:34:57,883 - INFO - ----------
2024-12-09 18:35:26,034 - INFO - Validation loss: 0.8785
2024-12-09 18:35:26,034 - INFO - Validation dice score: 0.1768
2024-12-09 18:35:26,034 - INFO - Epoch 9/39
2024-12-09 18:35:26,034 - INFO - ----------
2024-12-09 18:35:54,187 - INFO - Validation loss: 0.8681
2024-12-09 18:35:54,188 - INFO - Validation dice score: 0.1796
2024-12-09 18:35:54,188 - INFO - Epoch 10/39
2024-12-09 18:35:54,188 - INFO - ----------
2024-12-09 18:36:22,346 - INFO - Validation loss: 0.8655
2024-12-09 18:36:22,346 - INFO - Validation dice score: 0.1794
2024-12-09 18:36:22,346 - INFO - Epoch 11/39
2024-12-09 18:36:22,346 - INFO - ----------
2024-12-09 18:36:50,505 - INFO - Validation loss: 0.9109
2024-12-09 18:36:50,506 - INFO - Validation dice score: 0.1540
2024-12-09 18:36:50,506 - INFO - Epoch 12/39
2024-12-09 18:36:50,506 - INFO - ----------
2024-12-09 18:37:18,665 - INFO - Validation loss: 0.8618
2024-12-09 18:37:18,665 - INFO - Validation dice score: 0.1851
2024-12-09 18:37:19,109 - INFO - Epoch 13/39
2024-12-09 18:37:19,109 - INFO - ----------
2024-12-09 18:37:47,268 - INFO - Validation loss: 0.8551
2024-12-09 18:37:47,268 - INFO - Validation dice score: 0.1868
2024-12-09 18:37:47,683 - INFO - Epoch 14/39
2024-12-09 18:37:47,684 - INFO - ----------
2024-12-09 18:38:15,854 - INFO - Validation loss: 0.8579
2024-12-09 18:38:15,854 - INFO - Validation dice score: 0.1891
2024-12-09 18:38:15,854 - INFO - Epoch 15/39
2024-12-09 18:38:15,854 - INFO - ----------
2024-12-09 18:38:44,026 - INFO - Validation loss: 0.8426
2024-12-09 18:38:44,026 - INFO - Validation dice score: 0.1966
2024-12-09 18:38:44,444 - INFO - Epoch 16/39
2024-12-09 18:38:44,444 - INFO - ----------
2024-12-09 18:39:12,636 - INFO - Validation loss: 0.8617
2024-12-09 18:39:12,637 - INFO - Validation dice score: 0.1863
2024-12-09 18:39:12,637 - INFO - Epoch 17/39
2024-12-09 18:39:12,637 - INFO - ----------
2024-12-09 18:39:40,814 - INFO - Validation loss: 0.8611
2024-12-09 18:39:40,814 - INFO - Validation dice score: 0.1895
2024-12-09 18:39:40,814 - INFO - Epoch 18/39
2024-12-09 18:39:40,814 - INFO - ----------
2024-12-09 18:40:08,985 - INFO - Validation loss: 0.8567
2024-12-09 18:40:08,985 - INFO - Validation dice score: 0.1854
2024-12-09 18:40:08,985 - INFO - Epoch 19/39
2024-12-09 18:40:08,985 - INFO - ----------
2024-12-09 18:40:37,171 - INFO - Validation loss: 0.8387
2024-12-09 18:40:37,171 - INFO - Validation dice score: 0.2016
2024-12-09 18:40:37,594 - INFO - Epoch 20/39
2024-12-09 18:40:37,594 - INFO - ----------
2024-12-09 18:41:05,760 - INFO - Validation loss: 0.8351
2024-12-09 18:41:05,760 - INFO - Validation dice score: 0.2008
2024-12-09 18:41:06,186 - INFO - Epoch 21/39
2024-12-09 18:41:06,186 - INFO - ----------
2024-12-09 18:41:34,353 - INFO - Validation loss: 0.8474
2024-12-09 18:41:34,353 - INFO - Validation dice score: 0.1963
2024-12-09 18:41:34,353 - INFO - Epoch 22/39
2024-12-09 18:41:34,353 - INFO - ----------
2024-12-09 18:42:02,512 - INFO - Validation loss: 0.8439
2024-12-09 18:42:02,512 - INFO - Validation dice score: 0.1967
2024-12-09 18:42:02,512 - INFO - Epoch 23/39
2024-12-09 18:42:02,513 - INFO - ----------
2024-12-09 18:42:30,696 - INFO - Validation loss: 0.8284
2024-12-09 18:42:30,696 - INFO - Validation dice score: 0.2067
2024-12-09 18:42:31,157 - INFO - Epoch 24/39
2024-12-09 18:42:31,157 - INFO - ----------
2024-12-09 18:42:59,333 - INFO - Validation loss: 0.8368
2024-12-09 18:42:59,333 - INFO - Validation dice score: 0.2072
2024-12-09 18:42:59,333 - INFO - Epoch 25/39
2024-12-09 18:42:59,333 - INFO - ----------
2024-12-09 18:43:27,497 - INFO - Validation loss: 0.8402
2024-12-09 18:43:27,497 - INFO - Validation dice score: 0.2009
2024-12-09 18:43:27,497 - INFO - Epoch 26/39
2024-12-09 18:43:27,497 - INFO - ----------
2024-12-09 18:43:55,652 - INFO - Validation loss: 0.8117
2024-12-09 18:43:55,652 - INFO - Validation dice score: 0.2250
2024-12-09 18:43:56,084 - INFO - Epoch 27/39
2024-12-09 18:43:56,084 - INFO - ----------
2024-12-09 18:44:24,268 - INFO - Validation loss: 0.8220
2024-12-09 18:44:24,268 - INFO - Validation dice score: 0.2193
2024-12-09 18:44:24,268 - INFO - Epoch 28/39
2024-12-09 18:44:24,268 - INFO - ----------
2024-12-09 18:44:52,464 - INFO - Validation loss: 0.7988
2024-12-09 18:44:52,464 - INFO - Validation dice score: 0.2346
2024-12-09 18:44:52,899 - INFO - Epoch 29/39
2024-12-09 18:44:52,899 - INFO - ----------
2024-12-09 18:45:21,093 - INFO - Validation loss: 0.8432
2024-12-09 18:45:21,093 - INFO - Validation dice score: 0.2010
2024-12-09 18:45:21,093 - INFO - Epoch 30/39
2024-12-09 18:45:21,093 - INFO - ----------
2024-12-09 18:45:49,270 - INFO - Validation loss: 0.8131
2024-12-09 18:45:49,270 - INFO - Validation dice score: 0.2261
2024-12-09 18:45:49,270 - INFO - Epoch 31/39
2024-12-09 18:45:49,270 - INFO - ----------
2024-12-09 18:46:17,505 - INFO - Validation loss: 0.8116
2024-12-09 18:46:17,505 - INFO - Validation dice score: 0.2260
2024-12-09 18:46:17,505 - INFO - Epoch 32/39
2024-12-09 18:46:17,505 - INFO - ----------
2024-12-09 18:46:45,728 - INFO - Validation loss: 0.7867
2024-12-09 18:46:45,728 - INFO - Validation dice score: 0.2437
2024-12-09 18:46:46,177 - INFO - Epoch 33/39
2024-12-09 18:46:46,178 - INFO - ----------
2024-12-09 18:47:14,408 - INFO - Validation loss: 0.7998
2024-12-09 18:47:14,408 - INFO - Validation dice score: 0.2375
2024-12-09 18:47:14,408 - INFO - Epoch 34/39
2024-12-09 18:47:14,408 - INFO - ----------
2024-12-09 18:47:42,612 - INFO - Validation loss: 0.7910
2024-12-09 18:47:42,612 - INFO - Validation dice score: 0.2423
2024-12-09 18:47:42,612 - INFO - Epoch 35/39
2024-12-09 18:47:42,612 - INFO - ----------
2024-12-09 18:48:10,810 - INFO - Validation loss: 0.8309
2024-12-09 18:48:10,810 - INFO - Validation dice score: 0.2107
2024-12-09 18:48:10,810 - INFO - Epoch 36/39
2024-12-09 18:48:10,810 - INFO - ----------
2024-12-09 18:48:39,018 - INFO - Validation loss: 0.8433
2024-12-09 18:48:39,018 - INFO - Validation dice score: 0.2050
2024-12-09 18:48:39,018 - INFO - Epoch 37/39
2024-12-09 18:48:39,018 - INFO - ----------
2024-12-09 18:49:07,212 - INFO - Validation loss: 0.7800
2024-12-09 18:49:07,212 - INFO - Validation dice score: 0.2519
2024-12-09 18:49:07,651 - INFO - Epoch 38/39
2024-12-09 18:49:07,651 - INFO - ----------
2024-12-09 18:49:35,887 - INFO - Validation loss: 0.7891
2024-12-09 18:49:35,888 - INFO - Validation dice score: 0.2442
2024-12-09 18:49:35,888 - INFO - Epoch 39/39
2024-12-09 18:49:35,888 - INFO - ----------
2024-12-09 18:50:04,136 - INFO - Validation loss: 0.7782
2024-12-09 18:50:04,136 - INFO - Validation dice score: 0.2534
2024-12-09 18:50:04,607 - INFO - Training complete in 18m 54s
2024-12-09 18:50:04,607 - INFO - Best validation loss: 0.778159
2024-12-09 18:50:04,607 - INFO - Best validation score: 0.253370
